<?xml version="1.0" encoding="UTF-8"?>
<testng-results skipped="0" failed="1" ignored="0" total="1" passed="0">
  <reporter-output>
  </reporter-output>
  <suite name="Default suite" duration-ms="106750" started-at="2020-09-20T05:35:55Z" finished-at="2020-09-20T05:37:42Z">
    <groups>
    </groups>
    <test name="Default test" duration-ms="106750" started-at="2020-09-20T05:35:55Z" finished-at="2020-09-20T05:37:42Z">
      <class name="com.test.qa.testcases.LoginTest">
        <test-method status="PASS" signature="setUp()[pri:0, instance:com.test.qa.testcases.LoginTest@3712b94]" name="setUp" is-config="true" duration-ms="18357" started-at="2020-09-20T05:35:56Z" finished-at="2020-09-20T05:36:14Z">
          <reporter-output>
          </reporter-output>
        </test-method> <!-- setUp -->
        <test-method status="FAIL" signature="amazonLogin()[pri:0, instance:com.test.qa.testcases.LoginTest@3712b94]" name="amazonLogin" duration-ms="87850" started-at="2020-09-20T05:36:14Z" finished-at="2020-09-20T05:37:42Z">
          <exception class="java.lang.AssertionError">
            <message>
              <![CDATA[expected [dfcc4b72-ef51-4544-ad9c-c144502c8b5d] but found [07332b75-260b-4d51-8bfb-94a792343338]]]>
            </message>
            <full-stacktrace>
              <![CDATA[java.lang.AssertionError: expected [dfcc4b72-ef51-4544-ad9c-c144502c8b5d] but found [07332b75-260b-4d51-8bfb-94a792343338]
at org.testng.Assert.fail(Assert.java:96)
at org.testng.Assert.failNotEquals(Assert.java:776)
at org.testng.Assert.assertEqualsImpl(Assert.java:137)
at org.testng.Assert.assertEquals(Assert.java:118)
at org.testng.Assert.assertEquals(Assert.java:453)
at org.testng.Assert.assertEquals(Assert.java:463)
at com.test.qa.pages.LoginPage.isHomebuttonDisplayed(LoginPage.java:95)
at com.test.qa.testcases.LoginTest.amazonLogin(LoginTest.java:40)
at sun.reflect.NativeMethodAccessorImpl.invoke0(Native Method)
at sun.reflect.NativeMethodAccessorImpl.invoke(NativeMethodAccessorImpl.java:62)
at sun.reflect.DelegatingMethodAccessorImpl.invoke(DelegatingMethodAccessorImpl.java:43)
at java.lang.reflect.Method.invoke(Method.java:498)
at org.testng.internal.MethodInvocationHelper.invokeMethod(MethodInvocationHelper.java:124)
at org.testng.internal.Invoker.invokeMethod(Invoker.java:583)
at org.testng.internal.Invoker.invokeTestMethod(Invoker.java:719)
at org.testng.internal.Invoker.invokeTestMethods(Invoker.java:989)
at org.testng.internal.TestMethodWorker.invokeTestMethods(TestMethodWorker.java:125)
at org.testng.internal.TestMethodWorker.run(TestMethodWorker.java:109)
at org.testng.TestRunner.privateRun(TestRunner.java:648)
at org.testng.TestRunner.run(TestRunner.java:505)
at org.testng.SuiteRunner.runTest(SuiteRunner.java:455)
at org.testng.SuiteRunner.runSequentially(SuiteRunner.java:450)
at org.testng.SuiteRunner.privateRun(SuiteRunner.java:415)
at org.testng.SuiteRunner.run(SuiteRunner.java:364)
at org.testng.SuiteRunnerWorker.runSuite(SuiteRunnerWorker.java:52)
at org.testng.SuiteRunnerWorker.run(SuiteRunnerWorker.java:84)
at org.testng.TestNG.runSuitesSequentially(TestNG.java:1208)
at org.testng.TestNG.runSuitesLocally(TestNG.java:1137)
at org.testng.TestNG.runSuites(TestNG.java:1049)
at org.testng.TestNG.run(TestNG.java:1017)
at org.testng.remote.AbstractRemoteTestNG.run(AbstractRemoteTestNG.java:115)
at org.testng.remote.RemoteTestNG.initAndRun(RemoteTestNG.java:251)
at org.testng.remote.RemoteTestNG.main(RemoteTestNG.java:77)
]]>
            </full-stacktrace>
          </exception> <!-- java.lang.AssertionError -->
          <reporter-output>
          </reporter-output>
        </test-method> <!-- amazonLogin -->
        <test-method status="PASS" signature="tearDown()[pri:0, instance:com.test.qa.testcases.LoginTest@3712b94]" name="tearDown" is-config="true" duration-ms="476" started-at="2020-09-20T05:37:42Z" finished-at="2020-09-20T05:37:42Z">
          <reporter-output>
          </reporter-output>
        </test-method> <!-- tearDown -->
      </class> <!-- com.test.qa.testcases.LoginTest -->
    </test> <!-- Default test -->
  </suite> <!-- Default suite -->
</testng-results>
